{"/Users/holocep/vibesafe-app/src/main.js": {"path":"/Users/holocep/vibesafe-app/src/main.js","statementMap":{"0":{"start":{"line":7,"column":8},"end":{"line":13,"column":9}},"1":{"start":{"line":15,"column":8},"end":{"line":15,"column":26}},"2":{"start":{"line":16,"column":8},"end":{"line":16,"column":39}},"3":{"start":{"line":17,"column":8},"end":{"line":17,"column":33}},"4":{"start":{"line":18,"column":8},"end":{"line":18,"column":37}},"5":{"start":{"line":19,"column":8},"end":{"line":19,"column":34}},"6":{"start":{"line":20,"column":8},"end":{"line":20,"column":37}},"7":{"start":{"line":22,"column":8},"end":{"line":22,"column":19}},"8":{"start":{"line":28,"column":8},"end":{"line":28,"column":28}},"9":{"start":{"line":29,"column":8},"end":{"line":29,"column":25}},"10":{"start":{"line":30,"column":8},"end":{"line":30,"column":30}},"11":{"start":{"line":31,"column":8},"end":{"line":31,"column":38}},"12":{"start":{"line":35,"column":8},"end":{"line":58,"column":9}},"13":{"start":{"line":63,"column":8},"end":{"line":65,"column":10}},"14":{"start":{"line":64,"column":12},"end":{"line":64,"column":73}},"15":{"start":{"line":68,"column":8},"end":{"line":68,"column":77}},"16":{"start":{"line":71,"column":8},"end":{"line":74,"column":9}},"17":{"start":{"line":72,"column":12},"end":{"line":72,"column":97}},"18":{"start":{"line":73,"column":12},"end":{"line":73,"column":96}},"19":{"start":{"line":76,"column":8},"end":{"line":79,"column":9}},"20":{"start":{"line":77,"column":12},"end":{"line":77,"column":98}},"21":{"start":{"line":78,"column":12},"end":{"line":78,"column":97}},"22":{"start":{"line":82,"column":8},"end":{"line":84,"column":9}},"23":{"start":{"line":83,"column":12},"end":{"line":83,"column":91}},"24":{"start":{"line":86,"column":8},"end":{"line":88,"column":9}},"25":{"start":{"line":87,"column":12},"end":{"line":87,"column":96}},"26":{"start":{"line":91,"column":8},"end":{"line":91,"column":75}},"27":{"start":{"line":95,"column":8},"end":{"line":109,"column":9}},"28":{"start":{"line":96,"column":12},"end":{"line":96,"column":38}},"29":{"start":{"line":98,"column":12},"end":{"line":98,"column":65}},"30":{"start":{"line":101,"column":33},"end":{"line":101,"column":83}},"31":{"start":{"line":102,"column":12},"end":{"line":104,"column":13}},"32":{"start":{"line":103,"column":16},"end":{"line":103,"column":66}},"33":{"start":{"line":106,"column":12},"end":{"line":106,"column":63}},"34":{"start":{"line":113,"column":8},"end":{"line":116,"column":9}},"35":{"start":{"line":114,"column":12},"end":{"line":114,"column":63}},"36":{"start":{"line":115,"column":12},"end":{"line":115,"column":43}},"37":{"start":{"line":122,"column":20},"end":{"line":122,"column":32}},"38":{"start":{"line":123,"column":24},"end":{"line":123,"column":39}},"39":{"start":{"line":125,"column":8},"end":{"line":127,"column":9}},"40":{"start":{"line":126,"column":12},"end":{"line":126,"column":35}},"41":{"start":{"line":131,"column":23},"end":{"line":131,"column":60}},"42":{"start":{"line":132,"column":8},"end":{"line":132,"column":27}},"43":{"start":{"line":132,"column":21},"end":{"line":132,"column":27}},"44":{"start":{"line":134,"column":23},"end":{"line":134,"column":44}},"45":{"start":{"line":137,"column":8},"end":{"line":137,"column":35}},"46":{"start":{"line":137,"column":29},"end":{"line":137,"column":35}},"47":{"start":{"line":139,"column":8},"end":{"line":184,"column":9}},"48":{"start":{"line":140,"column":12},"end":{"line":180,"column":13}},"49":{"start":{"line":142,"column":20},"end":{"line":142,"column":57}},"50":{"start":{"line":143,"column":20},"end":{"line":143,"column":25}},"51":{"start":{"line":145,"column":20},"end":{"line":145,"column":43}},"52":{"start":{"line":146,"column":20},"end":{"line":146,"column":25}},"53":{"start":{"line":148,"column":20},"end":{"line":148,"column":45}},"54":{"start":{"line":149,"column":20},"end":{"line":149,"column":25}},"55":{"start":{"line":151,"column":20},"end":{"line":151,"column":47}},"56":{"start":{"line":152,"column":20},"end":{"line":152,"column":25}},"57":{"start":{"line":154,"column":20},"end":{"line":154,"column":52}},"58":{"start":{"line":155,"column":20},"end":{"line":155,"column":25}},"59":{"start":{"line":157,"column":20},"end":{"line":157,"column":43}},"60":{"start":{"line":158,"column":20},"end":{"line":158,"column":25}},"61":{"start":{"line":160,"column":20},"end":{"line":160,"column":38}},"62":{"start":{"line":161,"column":20},"end":{"line":161,"column":25}},"63":{"start":{"line":163,"column":20},"end":{"line":163,"column":43}},"64":{"start":{"line":164,"column":20},"end":{"line":164,"column":25}},"65":{"start":{"line":166,"column":20},"end":{"line":166,"column":45}},"66":{"start":{"line":167,"column":20},"end":{"line":167,"column":25}},"67":{"start":{"line":169,"column":20},"end":{"line":169,"column":54}},"68":{"start":{"line":170,"column":20},"end":{"line":170,"column":25}},"69":{"start":{"line":173,"column":20},"end":{"line":179,"column":21}},"70":{"start":{"line":174,"column":43},"end":{"line":174,"column":76}},"71":{"start":{"line":175,"column":24},"end":{"line":175,"column":56}},"72":{"start":{"line":176,"column":27},"end":{"line":179,"column":21}},"73":{"start":{"line":177,"column":43},"end":{"line":177,"column":79}},"74":{"start":{"line":178,"column":24},"end":{"line":178,"column":59}},"75":{"start":{"line":182,"column":12},"end":{"line":182,"column":66}},"76":{"start":{"line":183,"column":12},"end":{"line":183,"column":62}},"77":{"start":{"line":188,"column":8},"end":{"line":190,"column":9}},"78":{"start":{"line":189,"column":12},"end":{"line":189,"column":37}},"79":{"start":{"line":194,"column":8},"end":{"line":194,"column":30}},"80":{"start":{"line":195,"column":29},"end":{"line":195,"column":99}},"81":{"start":{"line":196,"column":8},"end":{"line":196,"column":48}},"82":{"start":{"line":200,"column":8},"end":{"line":204,"column":9}},"83":{"start":{"line":201,"column":12},"end":{"line":203,"column":13}},"84":{"start":{"line":202,"column":16},"end":{"line":202,"column":41}},"85":{"start":{"line":211,"column":8},"end":{"line":215,"column":10}},"86":{"start":{"line":212,"column":29},"end":{"line":212,"column":56}},"87":{"start":{"line":213,"column":12},"end":{"line":213,"column":61}},"88":{"start":{"line":214,"column":12},"end":{"line":214,"column":55}},"89":{"start":{"line":218,"column":8},"end":{"line":221,"column":10}},"90":{"start":{"line":219,"column":29},"end":{"line":219,"column":60}},"91":{"start":{"line":220,"column":12},"end":{"line":220,"column":69}},"92":{"start":{"line":224,"column":8},"end":{"line":224,"column":39}},"93":{"start":{"line":227,"column":8},"end":{"line":232,"column":9}},"94":{"start":{"line":228,"column":12},"end":{"line":230,"column":13}},"95":{"start":{"line":229,"column":16},"end":{"line":229,"column":43}},"96":{"start":{"line":231,"column":12},"end":{"line":231,"column":51}},"97":{"start":{"line":235,"column":8},"end":{"line":237,"column":9}},"98":{"start":{"line":236,"column":12},"end":{"line":236,"column":33}},"99":{"start":{"line":243,"column":29},"end":{"line":243,"column":47}},"100":{"start":{"line":245,"column":8},"end":{"line":261,"column":9}},"101":{"start":{"line":246,"column":12},"end":{"line":246,"column":60}},"102":{"start":{"line":248,"column":27},"end":{"line":248,"column":62}},"103":{"start":{"line":250,"column":12},"end":{"line":256,"column":13}},"104":{"start":{"line":251,"column":16},"end":{"line":251,"column":45}},"105":{"start":{"line":252,"column":16},"end":{"line":252,"column":79}},"106":{"start":{"line":253,"column":16},"end":{"line":253,"column":42}},"107":{"start":{"line":255,"column":16},"end":{"line":255,"column":89}},"108":{"start":{"line":258,"column":12},"end":{"line":258,"column":84}},"109":{"start":{"line":260,"column":12},"end":{"line":260,"column":54}},"110":{"start":{"line":265,"column":8},"end":{"line":277,"column":9}},"111":{"start":{"line":266,"column":27},"end":{"line":266,"column":62}},"112":{"start":{"line":268,"column":12},"end":{"line":274,"column":13}},"113":{"start":{"line":269,"column":16},"end":{"line":269,"column":62}},"114":{"start":{"line":270,"column":16},"end":{"line":270,"column":42}},"115":{"start":{"line":271,"column":16},"end":{"line":271,"column":71}},"116":{"start":{"line":273,"column":16},"end":{"line":273,"column":80}},"117":{"start":{"line":276,"column":12},"end":{"line":276,"column":77}},"118":{"start":{"line":281,"column":8},"end":{"line":281,"column":31}},"119":{"start":{"line":285,"column":8},"end":{"line":285,"column":34}},"120":{"start":{"line":286,"column":8},"end":{"line":286,"column":35}},"121":{"start":{"line":290,"column":29},"end":{"line":290,"column":47}},"122":{"start":{"line":292,"column":8},"end":{"line":308,"column":9}},"123":{"start":{"line":293,"column":12},"end":{"line":293,"column":56}},"124":{"start":{"line":295,"column":27},"end":{"line":295,"column":57}},"125":{"start":{"line":297,"column":12},"end":{"line":303,"column":13}},"126":{"start":{"line":298,"column":16},"end":{"line":298,"column":48}},"127":{"start":{"line":299,"column":16},"end":{"line":299,"column":73}},"128":{"start":{"line":300,"column":16},"end":{"line":300,"column":42}},"129":{"start":{"line":302,"column":16},"end":{"line":302,"column":85}},"130":{"start":{"line":305,"column":12},"end":{"line":305,"column":80}},"131":{"start":{"line":307,"column":12},"end":{"line":307,"column":54}},"132":{"start":{"line":312,"column":8},"end":{"line":326,"column":9}},"133":{"start":{"line":313,"column":12},"end":{"line":313,"column":73}},"134":{"start":{"line":315,"column":27},"end":{"line":315,"column":63}},"135":{"start":{"line":317,"column":12},"end":{"line":323,"column":13}},"136":{"start":{"line":318,"column":16},"end":{"line":318,"column":64}},"137":{"start":{"line":319,"column":16},"end":{"line":319,"column":137}},"138":{"start":{"line":320,"column":16},"end":{"line":320,"column":42}},"139":{"start":{"line":322,"column":16},"end":{"line":322,"column":80}},"140":{"start":{"line":325,"column":12},"end":{"line":325,"column":77}},"141":{"start":{"line":331,"column":8},"end":{"line":333,"column":9}},"142":{"start":{"line":332,"column":12},"end":{"line":332,"column":18}},"143":{"start":{"line":336,"column":8},"end":{"line":338,"column":9}},"144":{"start":{"line":337,"column":12},"end":{"line":337,"column":45}},"145":{"start":{"line":341,"column":8},"end":{"line":350,"column":33}},"146":{"start":{"line":342,"column":12},"end":{"line":348,"column":13}},"147":{"start":{"line":344,"column":16},"end":{"line":344,"column":55}},"148":{"start":{"line":345,"column":16},"end":{"line":345,"column":72}},"149":{"start":{"line":347,"column":16},"end":{"line":347,"column":66}},"150":{"start":{"line":349,"column":12},"end":{"line":349,"column":38}},"151":{"start":{"line":354,"column":26},"end":{"line":356,"column":9}},"152":{"start":{"line":358,"column":8},"end":{"line":358,"column":30}},"153":{"start":{"line":358,"column":24},"end":{"line":358,"column":30}},"154":{"start":{"line":360,"column":8},"end":{"line":371,"column":9}},"155":{"start":{"line":361,"column":27},"end":{"line":361,"column":66}},"156":{"start":{"line":363,"column":12},"end":{"line":368,"column":13}},"157":{"start":{"line":364,"column":16},"end":{"line":364,"column":83}},"158":{"start":{"line":365,"column":16},"end":{"line":365,"column":43}},"159":{"start":{"line":367,"column":16},"end":{"line":367,"column":83}},"160":{"start":{"line":370,"column":12},"end":{"line":370,"column":78}},"161":{"start":{"line":377,"column":8},"end":{"line":377,"column":40}},"162":{"start":{"line":377,"column":34},"end":{"line":377,"column":40}},"163":{"start":{"line":379,"column":8},"end":{"line":379,"column":58}},"164":{"start":{"line":380,"column":8},"end":{"line":380,"column":64}},"165":{"start":{"line":383,"column":8},"end":{"line":385,"column":9}},"166":{"start":{"line":384,"column":12},"end":{"line":384,"column":49}},"167":{"start":{"line":389,"column":8},"end":{"line":389,"column":40}},"168":{"start":{"line":389,"column":34},"end":{"line":389,"column":40}},"169":{"start":{"line":391,"column":8},"end":{"line":391,"column":61}},"170":{"start":{"line":392,"column":8},"end":{"line":392,"column":63}},"171":{"start":{"line":395,"column":8},"end":{"line":395,"column":24}},"172":{"start":{"line":399,"column":8},"end":{"line":402,"column":9}},"173":{"start":{"line":400,"column":12},"end":{"line":400,"column":52}},"174":{"start":{"line":401,"column":12},"end":{"line":401,"column":102}},"175":{"start":{"line":404,"column":8},"end":{"line":407,"column":9}},"176":{"start":{"line":405,"column":12},"end":{"line":405,"column":53}},"177":{"start":{"line":406,"column":12},"end":{"line":406,"column":103}},"178":{"start":{"line":409,"column":8},"end":{"line":412,"column":9}},"179":{"start":{"line":410,"column":12},"end":{"line":410,"column":57}},"180":{"start":{"line":411,"column":12},"end":{"line":411,"column":70}},"181":{"start":{"line":414,"column":8},"end":{"line":417,"column":9}},"182":{"start":{"line":415,"column":12},"end":{"line":415,"column":58}},"183":{"start":{"line":416,"column":12},"end":{"line":416,"column":71}},"184":{"start":{"line":421,"column":8},"end":{"line":421,"column":40}},"185":{"start":{"line":421,"column":34},"end":{"line":421,"column":40}},"186":{"start":{"line":423,"column":21},"end":{"line":423,"column":65}},"187":{"start":{"line":424,"column":22},"end":{"line":424,"column":67}},"188":{"start":{"line":426,"column":8},"end":{"line":429,"column":9}},"189":{"start":{"line":427,"column":12},"end":{"line":427,"column":78}},"190":{"start":{"line":428,"column":12},"end":{"line":428,"column":18}},"191":{"start":{"line":431,"column":29},"end":{"line":431,"column":47}},"192":{"start":{"line":433,"column":8},"end":{"line":450,"column":9}},"193":{"start":{"line":434,"column":12},"end":{"line":434,"column":54}},"194":{"start":{"line":435,"column":12},"end":{"line":435,"column":73}},"195":{"start":{"line":437,"column":27},"end":{"line":437,"column":70}},"196":{"start":{"line":439,"column":12},"end":{"line":445,"column":13}},"197":{"start":{"line":440,"column":16},"end":{"line":440,"column":71}},"198":{"start":{"line":441,"column":16},"end":{"line":441,"column":41}},"199":{"start":{"line":442,"column":16},"end":{"line":442,"column":43}},"200":{"start":{"line":444,"column":16},"end":{"line":444,"column":80}},"201":{"start":{"line":447,"column":12},"end":{"line":447,"column":76}},"202":{"start":{"line":449,"column":12},"end":{"line":449,"column":54}},"203":{"start":{"line":456,"column":22},"end":{"line":456,"column":26}},"204":{"start":{"line":459,"column":8},"end":{"line":471,"column":9}},"205":{"start":{"line":460,"column":25},"end":{"line":460,"column":67}},"206":{"start":{"line":462,"column":12},"end":{"line":470,"column":13}},"207":{"start":{"line":463,"column":16},"end":{"line":463,"column":122}},"208":{"start":{"line":464,"column":16},"end":{"line":464,"column":31}},"209":{"start":{"line":465,"column":19},"end":{"line":470,"column":13}},"210":{"start":{"line":466,"column":16},"end":{"line":466,"column":140}},"211":{"start":{"line":467,"column":16},"end":{"line":467,"column":31}},"212":{"start":{"line":469,"column":16},"end":{"line":469,"column":113}},"213":{"start":{"line":474,"column":8},"end":{"line":483,"column":9}},"214":{"start":{"line":475,"column":26},"end":{"line":475,"column":69}},"215":{"start":{"line":477,"column":12},"end":{"line":482,"column":13}},"216":{"start":{"line":478,"column":16},"end":{"line":478,"column":125}},"217":{"start":{"line":479,"column":16},"end":{"line":479,"column":31}},"218":{"start":{"line":481,"column":16},"end":{"line":481,"column":116}},"219":{"start":{"line":485,"column":8},"end":{"line":485,"column":22}},"220":{"start":{"line":489,"column":8},"end":{"line":489,"column":53}},"221":{"start":{"line":490,"column":8},"end":{"line":490,"column":48}},"222":{"start":{"line":491,"column":8},"end":{"line":491,"column":40}},"223":{"start":{"line":492,"column":8},"end":{"line":492,"column":48}},"224":{"start":{"line":496,"column":8},"end":{"line":496,"column":51}},"225":{"start":{"line":497,"column":8},"end":{"line":497,"column":50}},"226":{"start":{"line":498,"column":8},"end":{"line":498,"column":40}},"227":{"start":{"line":499,"column":8},"end":{"line":499,"column":73}},"228":{"start":{"line":505,"column":8},"end":{"line":507,"column":9}},"229":{"start":{"line":506,"column":12},"end":{"line":506,"column":109}},"230":{"start":{"line":509,"column":8},"end":{"line":511,"column":9}},"231":{"start":{"line":510,"column":12},"end":{"line":510,"column":104}},"232":{"start":{"line":513,"column":8},"end":{"line":515,"column":9}},"233":{"start":{"line":514,"column":12},"end":{"line":514,"column":87}},"234":{"start":{"line":517,"column":8},"end":{"line":517,"column":35}},"235":{"start":{"line":522,"column":8},"end":{"line":524,"column":9}},"236":{"start":{"line":523,"column":12},"end":{"line":523,"column":70}},"237":{"start":{"line":527,"column":8},"end":{"line":529,"column":9}},"238":{"start":{"line":528,"column":12},"end":{"line":528,"column":68}},"239":{"start":{"line":533,"column":8},"end":{"line":533,"column":30}},"240":{"start":{"line":533,"column":24},"end":{"line":533,"column":30}},"241":{"start":{"line":535,"column":8},"end":{"line":535,"column":32}},"242":{"start":{"line":537,"column":8},"end":{"line":549,"column":9}},"243":{"start":{"line":538,"column":31},"end":{"line":538,"column":60}},"244":{"start":{"line":539,"column":12},"end":{"line":539,"column":48}},"245":{"start":{"line":540,"column":12},"end":{"line":546,"column":13}},"246":{"start":{"line":547,"column":12},"end":{"line":547,"column":45}},"247":{"start":{"line":548,"column":12},"end":{"line":548,"column":18}},"248":{"start":{"line":551,"column":30},"end":{"line":551,"column":93}},"249":{"start":{"line":553,"column":8},"end":{"line":568,"column":10}},"250":{"start":{"line":554,"column":31},"end":{"line":554,"column":60}},"251":{"start":{"line":555,"column":12},"end":{"line":555,"column":48}},"252":{"start":{"line":556,"column":12},"end":{"line":566,"column":13}},"253":{"start":{"line":567,"column":12},"end":{"line":567,"column":45}},"254":{"start":{"line":570,"column":8},"end":{"line":582,"column":9}},"255":{"start":{"line":571,"column":29},"end":{"line":571,"column":58}},"256":{"start":{"line":572,"column":12},"end":{"line":572,"column":46}},"257":{"start":{"line":573,"column":12},"end":{"line":580,"column":13}},"258":{"start":{"line":581,"column":12},"end":{"line":581,"column":43}},"259":{"start":{"line":588,"column":8},"end":{"line":588,"column":30}},"260":{"start":{"line":589,"column":8},"end":{"line":592,"column":9}},"261":{"start":{"line":596,"column":8},"end":{"line":596,"column":31}},"262":{"start":{"line":597,"column":8},"end":{"line":597,"column":31}},"263":{"start":{"line":603,"column":8},"end":{"line":603,"column":49}},"264":{"start":{"line":603,"column":43},"end":{"line":603,"column":49}},"265":{"start":{"line":605,"column":22},"end":{"line":605,"column":51}},"266":{"start":{"line":606,"column":8},"end":{"line":606,"column":48}},"267":{"start":{"line":607,"column":8},"end":{"line":609,"column":9}},"268":{"start":{"line":611,"column":8},"end":{"line":611,"column":55}},"269":{"start":{"line":614,"column":8},"end":{"line":616,"column":15}},"270":{"start":{"line":615,"column":12},"end":{"line":615,"column":48}},"271":{"start":{"line":619,"column":8},"end":{"line":626,"column":16}},"272":{"start":{"line":620,"column":12},"end":{"line":620,"column":51}},"273":{"start":{"line":621,"column":12},"end":{"line":625,"column":19}},"274":{"start":{"line":622,"column":16},"end":{"line":624,"column":17}},"275":{"start":{"line":623,"column":20},"end":{"line":623,"column":55}},"276":{"start":{"line":632,"column":8},"end":{"line":632,"column":118}},"277":{"start":{"line":636,"column":8},"end":{"line":646,"column":9}},"278":{"start":{"line":637,"column":27},"end":{"line":637,"column":62}},"279":{"start":{"line":639,"column":12},"end":{"line":643,"column":13}},"280":{"start":{"line":640,"column":16},"end":{"line":640,"column":122}},"281":{"start":{"line":642,"column":16},"end":{"line":642,"column":110}},"282":{"start":{"line":645,"column":12},"end":{"line":645,"column":96}},"283":{"start":{"line":652,"column":26},"end":{"line":652,"column":78}},"284":{"start":{"line":653,"column":8},"end":{"line":653,"column":53}},"285":{"start":{"line":653,"column":47},"end":{"line":653,"column":53}},"286":{"start":{"line":655,"column":8},"end":{"line":655,"column":67}},"287":{"start":{"line":656,"column":8},"end":{"line":656,"column":61}},"288":{"start":{"line":660,"column":32},"end":{"line":660,"column":76}},"289":{"start":{"line":661,"column":8},"end":{"line":678,"column":9}},"290":{"start":{"line":663,"column":12},"end":{"line":663,"column":68}},"291":{"start":{"line":666,"column":12},"end":{"line":677,"column":14}},"292":{"start":{"line":667,"column":16},"end":{"line":667,"column":68}},"293":{"start":{"line":670,"column":16},"end":{"line":670,"column":100}},"294":{"start":{"line":672,"column":16},"end":{"line":676,"column":17}},"295":{"start":{"line":673,"column":20},"end":{"line":673,"column":75}},"296":{"start":{"line":675,"column":20},"end":{"line":675,"column":120}},"297":{"start":{"line":684,"column":20},"end":{"line":684,"column":49}},"298":{"start":{"line":685,"column":8},"end":{"line":685,"column":30}},"299":{"start":{"line":686,"column":8},"end":{"line":686,"column":28}},"300":{"start":{"line":692,"column":0},"end":{"line":694,"column":2}},"301":{"start":{"line":693,"column":4},"end":{"line":693,"column":21}}},"fnMap":{"0":{"name":"(anonymous_0)","decl":{"start":{"line":6,"column":4},"end":{"line":6,"column":5}},"loc":{"start":{"line":6,"column":18},"end":{"line":23,"column":5}},"line":6},"1":{"name":"(anonymous_1)","decl":{"start":{"line":27,"column":4},"end":{"line":27,"column":5}},"loc":{"start":{"line":27,"column":11},"end":{"line":32,"column":5}},"line":27},"2":{"name":"(anonymous_2)","decl":{"start":{"line":34,"column":4},"end":{"line":34,"column":5}},"loc":{"start":{"line":34,"column":20},"end":{"line":59,"column":5}},"line":34},"3":{"name":"(anonymous_3)","decl":{"start":{"line":61,"column":4},"end":{"line":61,"column":5}},"loc":{"start":{"line":61,"column":17},"end":{"line":92,"column":5}},"line":61},"4":{"name":"(anonymous_4)","decl":{"start":{"line":63,"column":38},"end":{"line":63,"column":39}},"loc":{"start":{"line":63,"column":45},"end":{"line":65,"column":9}},"line":63},"5":{"name":"(anonymous_5)","decl":{"start":{"line":94,"column":4},"end":{"line":94,"column":5}},"loc":{"start":{"line":94,"column":28},"end":{"line":110,"column":5}},"line":94},"6":{"name":"(anonymous_6)","decl":{"start":{"line":112,"column":4},"end":{"line":112,"column":5}},"loc":{"start":{"line":112,"column":36},"end":{"line":117,"column":5}},"line":112},"7":{"name":"(anonymous_7)","decl":{"start":{"line":121,"column":4},"end":{"line":121,"column":5}},"loc":{"start":{"line":121,"column":26},"end":{"line":128,"column":5}},"line":121},"8":{"name":"(anonymous_8)","decl":{"start":{"line":130,"column":4},"end":{"line":130,"column":5}},"loc":{"start":{"line":130,"column":35},"end":{"line":185,"column":5}},"line":130},"9":{"name":"(anonymous_9)","decl":{"start":{"line":187,"column":4},"end":{"line":187,"column":5}},"loc":{"start":{"line":187,"column":28},"end":{"line":191,"column":5}},"line":187},"10":{"name":"(anonymous_10)","decl":{"start":{"line":193,"column":4},"end":{"line":193,"column":5}},"loc":{"start":{"line":193,"column":34},"end":{"line":197,"column":5}},"line":193},"11":{"name":"(anonymous_11)","decl":{"start":{"line":199,"column":4},"end":{"line":199,"column":5}},"loc":{"start":{"line":199,"column":25},"end":{"line":205,"column":5}},"line":199},"12":{"name":"(anonymous_12)","decl":{"start":{"line":209,"column":4},"end":{"line":209,"column":5}},"loc":{"start":{"line":209,"column":23},"end":{"line":238,"column":5}},"line":209},"13":{"name":"(anonymous_13)","decl":{"start":{"line":211,"column":38},"end":{"line":211,"column":39}},"loc":{"start":{"line":211,"column":45},"end":{"line":215,"column":9}},"line":211},"14":{"name":"(anonymous_14)","decl":{"start":{"line":218,"column":42},"end":{"line":218,"column":43}},"loc":{"start":{"line":218,"column":53},"end":{"line":221,"column":9}},"line":218},"15":{"name":"(anonymous_15)","decl":{"start":{"line":242,"column":4},"end":{"line":242,"column":5}},"loc":{"start":{"line":242,"column":37},"end":{"line":262,"column":5}},"line":242},"16":{"name":"(anonymous_16)","decl":{"start":{"line":264,"column":4},"end":{"line":264,"column":5}},"loc":{"start":{"line":264,"column":23},"end":{"line":278,"column":5}},"line":264},"17":{"name":"(anonymous_17)","decl":{"start":{"line":280,"column":4},"end":{"line":280,"column":5}},"loc":{"start":{"line":280,"column":26},"end":{"line":282,"column":5}},"line":280},"18":{"name":"(anonymous_18)","decl":{"start":{"line":284,"column":4},"end":{"line":284,"column":5}},"loc":{"start":{"line":284,"column":27},"end":{"line":287,"column":5}},"line":284},"19":{"name":"(anonymous_19)","decl":{"start":{"line":289,"column":4},"end":{"line":289,"column":5}},"loc":{"start":{"line":289,"column":32},"end":{"line":309,"column":5}},"line":289},"20":{"name":"(anonymous_20)","decl":{"start":{"line":311,"column":4},"end":{"line":311,"column":5}},"loc":{"start":{"line":311,"column":26},"end":{"line":327,"column":5}},"line":311},"21":{"name":"(anonymous_21)","decl":{"start":{"line":329,"column":4},"end":{"line":329,"column":5}},"loc":{"start":{"line":329,"column":26},"end":{"line":351,"column":5}},"line":329},"22":{"name":"(anonymous_22)","decl":{"start":{"line":341,"column":41},"end":{"line":341,"column":42}},"loc":{"start":{"line":341,"column":53},"end":{"line":350,"column":9}},"line":341},"23":{"name":"(anonymous_23)","decl":{"start":{"line":353,"column":4},"end":{"line":353,"column":5}},"loc":{"start":{"line":353,"column":29},"end":{"line":372,"column":5}},"line":353},"24":{"name":"(anonymous_24)","decl":{"start":{"line":376,"column":4},"end":{"line":376,"column":5}},"loc":{"start":{"line":376,"column":25},"end":{"line":386,"column":5}},"line":376},"25":{"name":"(anonymous_25)","decl":{"start":{"line":388,"column":4},"end":{"line":388,"column":5}},"loc":{"start":{"line":388,"column":25},"end":{"line":396,"column":5}},"line":388},"26":{"name":"(anonymous_26)","decl":{"start":{"line":398,"column":4},"end":{"line":398,"column":5}},"loc":{"start":{"line":398,"column":16},"end":{"line":418,"column":5}},"line":398},"27":{"name":"(anonymous_27)","decl":{"start":{"line":420,"column":4},"end":{"line":420,"column":5}},"loc":{"start":{"line":420,"column":34},"end":{"line":451,"column":5}},"line":420},"28":{"name":"(anonymous_28)","decl":{"start":{"line":455,"column":4},"end":{"line":455,"column":5}},"loc":{"start":{"line":455,"column":19},"end":{"line":486,"column":5}},"line":455},"29":{"name":"(anonymous_29)","decl":{"start":{"line":488,"column":4},"end":{"line":488,"column":5}},"loc":{"start":{"line":488,"column":46},"end":{"line":493,"column":5}},"line":488},"30":{"name":"(anonymous_30)","decl":{"start":{"line":495,"column":4},"end":{"line":495,"column":5}},"loc":{"start":{"line":495,"column":48},"end":{"line":500,"column":5}},"line":495},"31":{"name":"(anonymous_31)","decl":{"start":{"line":504,"column":4},"end":{"line":504,"column":5}},"loc":{"start":{"line":504,"column":26},"end":{"line":518,"column":5}},"line":504},"32":{"name":"(anonymous_32)","decl":{"start":{"line":520,"column":4},"end":{"line":520,"column":5}},"loc":{"start":{"line":520,"column":27},"end":{"line":530,"column":5}},"line":520},"33":{"name":"(anonymous_33)","decl":{"start":{"line":532,"column":4},"end":{"line":532,"column":5}},"loc":{"start":{"line":532,"column":52},"end":{"line":583,"column":5}},"line":532},"34":{"name":"(anonymous_34)","decl":{"start":{"line":553,"column":30},"end":{"line":553,"column":31}},"loc":{"start":{"line":553,"column":40},"end":{"line":568,"column":9}},"line":553},"35":{"name":"(anonymous_35)","decl":{"start":{"line":587,"column":4},"end":{"line":587,"column":5}},"loc":{"start":{"line":587,"column":35},"end":{"line":593,"column":5}},"line":587},"36":{"name":"(anonymous_36)","decl":{"start":{"line":595,"column":4},"end":{"line":595,"column":5}},"loc":{"start":{"line":595,"column":34},"end":{"line":598,"column":5}},"line":595},"37":{"name":"(anonymous_37)","decl":{"start":{"line":602,"column":4},"end":{"line":602,"column":5}},"loc":{"start":{"line":602,"column":38},"end":{"line":627,"column":5}},"line":602},"38":{"name":"(anonymous_38)","decl":{"start":{"line":614,"column":19},"end":{"line":614,"column":20}},"loc":{"start":{"line":614,"column":25},"end":{"line":616,"column":9}},"line":614},"39":{"name":"(anonymous_39)","decl":{"start":{"line":619,"column":19},"end":{"line":619,"column":20}},"loc":{"start":{"line":619,"column":25},"end":{"line":626,"column":9}},"line":619},"40":{"name":"(anonymous_40)","decl":{"start":{"line":621,"column":23},"end":{"line":621,"column":24}},"loc":{"start":{"line":621,"column":29},"end":{"line":625,"column":13}},"line":621},"41":{"name":"(anonymous_41)","decl":{"start":{"line":631,"column":4},"end":{"line":631,"column":5}},"loc":{"start":{"line":631,"column":18},"end":{"line":633,"column":5}},"line":631},"42":{"name":"(anonymous_42)","decl":{"start":{"line":635,"column":4},"end":{"line":635,"column":5}},"loc":{"start":{"line":635,"column":23},"end":{"line":647,"column":5}},"line":635},"43":{"name":"(anonymous_43)","decl":{"start":{"line":651,"column":4},"end":{"line":651,"column":5}},"loc":{"start":{"line":651,"column":27},"end":{"line":657,"column":5}},"line":651},"44":{"name":"(anonymous_44)","decl":{"start":{"line":659,"column":4},"end":{"line":659,"column":5}},"loc":{"start":{"line":659,"column":39},"end":{"line":679,"column":5}},"line":659},"45":{"name":"(anonymous_45)","decl":{"start":{"line":666,"column":55},"end":{"line":666,"column":56}},"loc":{"start":{"line":666,"column":62},"end":{"line":677,"column":13}},"line":666},"46":{"name":"(anonymous_46)","decl":{"start":{"line":683,"column":4},"end":{"line":683,"column":5}},"loc":{"start":{"line":683,"column":21},"end":{"line":687,"column":5}},"line":683},"47":{"name":"(anonymous_47)","decl":{"start":{"line":692,"column":46},"end":{"line":692,"column":47}},"loc":{"start":{"line":692,"column":52},"end":{"line":694,"column":1}},"line":692}},"branchMap":{"0":{"loc":{"start":{"line":71,"column":8},"end":{"line":74,"column":9}},"type":"if","locations":[{"start":{"line":71,"column":8},"end":{"line":74,"column":9}},{"start":{},"end":{}}],"line":71},"1":{"loc":{"start":{"line":76,"column":8},"end":{"line":79,"column":9}},"type":"if","locations":[{"start":{"line":76,"column":8},"end":{"line":79,"column":9}},{"start":{},"end":{}}],"line":76},"2":{"loc":{"start":{"line":82,"column":8},"end":{"line":84,"column":9}},"type":"if","locations":[{"start":{"line":82,"column":8},"end":{"line":84,"column":9}},{"start":{},"end":{}}],"line":82},"3":{"loc":{"start":{"line":86,"column":8},"end":{"line":88,"column":9}},"type":"if","locations":[{"start":{"line":86,"column":8},"end":{"line":88,"column":9}},{"start":{},"end":{}}],"line":86},"4":{"loc":{"start":{"line":102,"column":12},"end":{"line":104,"column":13}},"type":"if","locations":[{"start":{"line":102,"column":12},"end":{"line":104,"column":13}},{"start":{},"end":{}}],"line":102},"5":{"loc":{"start":{"line":113,"column":8},"end":{"line":116,"column":9}},"type":"if","locations":[{"start":{"line":113,"column":8},"end":{"line":116,"column":9}},{"start":{},"end":{}}],"line":113},"6":{"loc":{"start":{"line":125,"column":8},"end":{"line":127,"column":9}},"type":"if","locations":[{"start":{"line":125,"column":8},"end":{"line":127,"column":9}},{"start":{},"end":{}}],"line":125},"7":{"loc":{"start":{"line":125,"column":12},"end":{"line":125,"column":56}},"type":"binary-expr","locations":[{"start":{"line":125,"column":12},"end":{"line":125,"column":19}},{"start":{"line":125,"column":23},"end":{"line":125,"column":56}}],"line":125},"8":{"loc":{"start":{"line":132,"column":8},"end":{"line":132,"column":27}},"type":"if","locations":[{"start":{"line":132,"column":8},"end":{"line":132,"column":27}},{"start":{},"end":{}}],"line":132},"9":{"loc":{"start":{"line":137,"column":8},"end":{"line":137,"column":35}},"type":"if","locations":[{"start":{"line":137,"column":8},"end":{"line":137,"column":35}},{"start":{},"end":{}}],"line":137},"10":{"loc":{"start":{"line":140,"column":12},"end":{"line":180,"column":13}},"type":"switch","locations":[{"start":{"line":141,"column":16},"end":{"line":143,"column":25}},{"start":{"line":144,"column":16},"end":{"line":146,"column":25}},{"start":{"line":147,"column":16},"end":{"line":149,"column":25}},{"start":{"line":150,"column":16},"end":{"line":152,"column":25}},{"start":{"line":153,"column":16},"end":{"line":155,"column":25}},{"start":{"line":156,"column":16},"end":{"line":158,"column":25}},{"start":{"line":159,"column":16},"end":{"line":161,"column":25}},{"start":{"line":162,"column":16},"end":{"line":164,"column":25}},{"start":{"line":165,"column":16},"end":{"line":167,"column":25}},{"start":{"line":168,"column":16},"end":{"line":170,"column":25}},{"start":{"line":171,"column":16},"end":{"line":179,"column":21}}],"line":140},"11":{"loc":{"start":{"line":173,"column":20},"end":{"line":179,"column":21}},"type":"if","locations":[{"start":{"line":173,"column":20},"end":{"line":179,"column":21}},{"start":{"line":176,"column":27},"end":{"line":179,"column":21}}],"line":173},"12":{"loc":{"start":{"line":176,"column":27},"end":{"line":179,"column":21}},"type":"if","locations":[{"start":{"line":176,"column":27},"end":{"line":179,"column":21}},{"start":{},"end":{}}],"line":176},"13":{"loc":{"start":{"line":188,"column":8},"end":{"line":190,"column":9}},"type":"if","locations":[{"start":{"line":188,"column":8},"end":{"line":190,"column":9}},{"start":{},"end":{}}],"line":188},"14":{"loc":{"start":{"line":200,"column":8},"end":{"line":204,"column":9}},"type":"if","locations":[{"start":{"line":200,"column":8},"end":{"line":204,"column":9}},{"start":{},"end":{}}],"line":200},"15":{"loc":{"start":{"line":201,"column":12},"end":{"line":203,"column":13}},"type":"if","locations":[{"start":{"line":201,"column":12},"end":{"line":203,"column":13}},{"start":{},"end":{}}],"line":201},"16":{"loc":{"start":{"line":201,"column":16},"end":{"line":201,"column":94}},"type":"binary-expr","locations":[{"start":{"line":201,"column":16},"end":{"line":201,"column":35}},{"start":{"line":201,"column":39},"end":{"line":201,"column":94}}],"line":201},"17":{"loc":{"start":{"line":227,"column":8},"end":{"line":232,"column":9}},"type":"if","locations":[{"start":{"line":227,"column":8},"end":{"line":232,"column":9}},{"start":{},"end":{}}],"line":227},"18":{"loc":{"start":{"line":228,"column":12},"end":{"line":230,"column":13}},"type":"if","locations":[{"start":{"line":228,"column":12},"end":{"line":230,"column":13}},{"start":{},"end":{}}],"line":228},"19":{"loc":{"start":{"line":235,"column":8},"end":{"line":237,"column":9}},"type":"if","locations":[{"start":{"line":235,"column":8},"end":{"line":237,"column":9}},{"start":{},"end":{}}],"line":235},"20":{"loc":{"start":{"line":250,"column":12},"end":{"line":256,"column":13}},"type":"if","locations":[{"start":{"line":250,"column":12},"end":{"line":256,"column":13}},{"start":{"line":254,"column":19},"end":{"line":256,"column":13}}],"line":250},"21":{"loc":{"start":{"line":268,"column":12},"end":{"line":274,"column":13}},"type":"if","locations":[{"start":{"line":268,"column":12},"end":{"line":274,"column":13}},{"start":{"line":272,"column":19},"end":{"line":274,"column":13}}],"line":268},"22":{"loc":{"start":{"line":297,"column":12},"end":{"line":303,"column":13}},"type":"if","locations":[{"start":{"line":297,"column":12},"end":{"line":303,"column":13}},{"start":{"line":301,"column":19},"end":{"line":303,"column":13}}],"line":297},"23":{"loc":{"start":{"line":317,"column":12},"end":{"line":323,"column":13}},"type":"if","locations":[{"start":{"line":317,"column":12},"end":{"line":323,"column":13}},{"start":{"line":321,"column":19},"end":{"line":323,"column":13}}],"line":317},"24":{"loc":{"start":{"line":331,"column":8},"end":{"line":333,"column":9}},"type":"if","locations":[{"start":{"line":331,"column":8},"end":{"line":333,"column":9}},{"start":{},"end":{}}],"line":331},"25":{"loc":{"start":{"line":336,"column":8},"end":{"line":338,"column":9}},"type":"if","locations":[{"start":{"line":336,"column":8},"end":{"line":338,"column":9}},{"start":{},"end":{}}],"line":336},"26":{"loc":{"start":{"line":358,"column":8},"end":{"line":358,"column":30}},"type":"if","locations":[{"start":{"line":358,"column":8},"end":{"line":358,"column":30}},{"start":{},"end":{}}],"line":358},"27":{"loc":{"start":{"line":363,"column":12},"end":{"line":368,"column":13}},"type":"if","locations":[{"start":{"line":363,"column":12},"end":{"line":368,"column":13}},{"start":{"line":366,"column":19},"end":{"line":368,"column":13}}],"line":363},"28":{"loc":{"start":{"line":377,"column":8},"end":{"line":377,"column":40}},"type":"if","locations":[{"start":{"line":377,"column":8},"end":{"line":377,"column":40}},{"start":{},"end":{}}],"line":377},"29":{"loc":{"start":{"line":383,"column":8},"end":{"line":385,"column":9}},"type":"if","locations":[{"start":{"line":383,"column":8},"end":{"line":385,"column":9}},{"start":{},"end":{}}],"line":383},"30":{"loc":{"start":{"line":389,"column":8},"end":{"line":389,"column":40}},"type":"if","locations":[{"start":{"line":389,"column":8},"end":{"line":389,"column":40}},{"start":{},"end":{}}],"line":389},"31":{"loc":{"start":{"line":399,"column":8},"end":{"line":402,"column":9}},"type":"if","locations":[{"start":{"line":399,"column":8},"end":{"line":402,"column":9}},{"start":{},"end":{}}],"line":399},"32":{"loc":{"start":{"line":404,"column":8},"end":{"line":407,"column":9}},"type":"if","locations":[{"start":{"line":404,"column":8},"end":{"line":407,"column":9}},{"start":{},"end":{}}],"line":404},"33":{"loc":{"start":{"line":409,"column":8},"end":{"line":412,"column":9}},"type":"if","locations":[{"start":{"line":409,"column":8},"end":{"line":412,"column":9}},{"start":{},"end":{}}],"line":409},"34":{"loc":{"start":{"line":414,"column":8},"end":{"line":417,"column":9}},"type":"if","locations":[{"start":{"line":414,"column":8},"end":{"line":417,"column":9}},{"start":{},"end":{}}],"line":414},"35":{"loc":{"start":{"line":421,"column":8},"end":{"line":421,"column":40}},"type":"if","locations":[{"start":{"line":421,"column":8},"end":{"line":421,"column":40}},{"start":{},"end":{}}],"line":421},"36":{"loc":{"start":{"line":426,"column":8},"end":{"line":429,"column":9}},"type":"if","locations":[{"start":{"line":426,"column":8},"end":{"line":429,"column":9}},{"start":{},"end":{}}],"line":426},"37":{"loc":{"start":{"line":426,"column":12},"end":{"line":426,"column":27}},"type":"binary-expr","locations":[{"start":{"line":426,"column":12},"end":{"line":426,"column":17}},{"start":{"line":426,"column":21},"end":{"line":426,"column":27}}],"line":426},"38":{"loc":{"start":{"line":439,"column":12},"end":{"line":445,"column":13}},"type":"if","locations":[{"start":{"line":439,"column":12},"end":{"line":445,"column":13}},{"start":{"line":443,"column":19},"end":{"line":445,"column":13}}],"line":439},"39":{"loc":{"start":{"line":459,"column":8},"end":{"line":471,"column":9}},"type":"if","locations":[{"start":{"line":459,"column":8},"end":{"line":471,"column":9}},{"start":{},"end":{}}],"line":459},"40":{"loc":{"start":{"line":459,"column":12},"end":{"line":459,"column":73}},"type":"binary-expr","locations":[{"start":{"line":459,"column":12},"end":{"line":459,"column":41}},{"start":{"line":459,"column":45},"end":{"line":459,"column":73}}],"line":459},"41":{"loc":{"start":{"line":462,"column":12},"end":{"line":470,"column":13}},"type":"if","locations":[{"start":{"line":462,"column":12},"end":{"line":470,"column":13}},{"start":{"line":465,"column":19},"end":{"line":470,"column":13}}],"line":462},"42":{"loc":{"start":{"line":465,"column":19},"end":{"line":470,"column":13}},"type":"if","locations":[{"start":{"line":465,"column":19},"end":{"line":470,"column":13}},{"start":{"line":468,"column":19},"end":{"line":470,"column":13}}],"line":465},"43":{"loc":{"start":{"line":474,"column":8},"end":{"line":483,"column":9}},"type":"if","locations":[{"start":{"line":474,"column":8},"end":{"line":483,"column":9}},{"start":{},"end":{}}],"line":474},"44":{"loc":{"start":{"line":474,"column":12},"end":{"line":474,"column":75}},"type":"binary-expr","locations":[{"start":{"line":474,"column":12},"end":{"line":474,"column":42}},{"start":{"line":474,"column":46},"end":{"line":474,"column":75}}],"line":474},"45":{"loc":{"start":{"line":477,"column":12},"end":{"line":482,"column":13}},"type":"if","locations":[{"start":{"line":477,"column":12},"end":{"line":482,"column":13}},{"start":{"line":480,"column":19},"end":{"line":482,"column":13}}],"line":477},"46":{"loc":{"start":{"line":505,"column":8},"end":{"line":507,"column":9}},"type":"if","locations":[{"start":{"line":505,"column":8},"end":{"line":507,"column":9}},{"start":{},"end":{}}],"line":505},"47":{"loc":{"start":{"line":506,"column":51},"end":{"line":506,"column":109}},"type":"cond-expr","locations":[{"start":{"line":506,"column":76},"end":{"line":506,"column":89}},{"start":{"line":506,"column":92},"end":{"line":506,"column":109}}],"line":506},"48":{"loc":{"start":{"line":509,"column":8},"end":{"line":511,"column":9}},"type":"if","locations":[{"start":{"line":509,"column":8},"end":{"line":511,"column":9}},{"start":{},"end":{}}],"line":509},"49":{"loc":{"start":{"line":510,"column":54},"end":{"line":510,"column":104}},"type":"cond-expr","locations":[{"start":{"line":510,"column":82},"end":{"line":510,"column":91}},{"start":{"line":510,"column":94},"end":{"line":510,"column":104}}],"line":510},"50":{"loc":{"start":{"line":513,"column":8},"end":{"line":515,"column":9}},"type":"if","locations":[{"start":{"line":513,"column":8},"end":{"line":515,"column":9}},{"start":{},"end":{}}],"line":513},"51":{"loc":{"start":{"line":522,"column":8},"end":{"line":524,"column":9}},"type":"if","locations":[{"start":{"line":522,"column":8},"end":{"line":524,"column":9}},{"start":{},"end":{}}],"line":522},"52":{"loc":{"start":{"line":527,"column":8},"end":{"line":529,"column":9}},"type":"if","locations":[{"start":{"line":527,"column":8},"end":{"line":529,"column":9}},{"start":{},"end":{}}],"line":527},"53":{"loc":{"start":{"line":532,"column":33},"end":{"line":532,"column":50}},"type":"default-arg","locations":[{"start":{"line":532,"column":45},"end":{"line":532,"column":50}}],"line":532},"54":{"loc":{"start":{"line":533,"column":8},"end":{"line":533,"column":30}},"type":"if","locations":[{"start":{"line":533,"column":8},"end":{"line":533,"column":30}},{"start":{},"end":{}}],"line":533},"55":{"loc":{"start":{"line":537,"column":8},"end":{"line":549,"column":9}},"type":"if","locations":[{"start":{"line":537,"column":8},"end":{"line":549,"column":9}},{"start":{},"end":{}}],"line":537},"56":{"loc":{"start":{"line":537,"column":12},"end":{"line":537,"column":66}},"type":"binary-expr","locations":[{"start":{"line":537,"column":12},"end":{"line":537,"column":31}},{"start":{"line":537,"column":35},"end":{"line":537,"column":66}}],"line":537},"57":{"loc":{"start":{"line":551,"column":30},"end":{"line":551,"column":93}},"type":"cond-expr","locations":[{"start":{"line":551,"column":42},"end":{"line":551,"column":72}},{"start":{"line":551,"column":75},"end":{"line":551,"column":93}}],"line":551},"58":{"loc":{"start":{"line":570,"column":8},"end":{"line":582,"column":9}},"type":"if","locations":[{"start":{"line":570,"column":8},"end":{"line":582,"column":9}},{"start":{},"end":{}}],"line":570},"59":{"loc":{"start":{"line":570,"column":12},"end":{"line":570,"column":54}},"type":"binary-expr","locations":[{"start":{"line":570,"column":12},"end":{"line":570,"column":21}},{"start":{"line":570,"column":25},"end":{"line":570,"column":54}}],"line":570},"60":{"loc":{"start":{"line":602,"column":23},"end":{"line":602,"column":36}},"type":"default-arg","locations":[{"start":{"line":602,"column":30},"end":{"line":602,"column":36}}],"line":602},"61":{"loc":{"start":{"line":603,"column":8},"end":{"line":603,"column":49}},"type":"if","locations":[{"start":{"line":603,"column":8},"end":{"line":603,"column":49}},{"start":{},"end":{}}],"line":603},"62":{"loc":{"start":{"line":622,"column":16},"end":{"line":624,"column":17}},"type":"if","locations":[{"start":{"line":622,"column":16},"end":{"line":624,"column":17}},{"start":{},"end":{}}],"line":622},"63":{"loc":{"start":{"line":639,"column":12},"end":{"line":643,"column":13}},"type":"if","locations":[{"start":{"line":639,"column":12},"end":{"line":643,"column":13}},{"start":{"line":641,"column":19},"end":{"line":643,"column":13}}],"line":639},"64":{"loc":{"start":{"line":639,"column":16},"end":{"line":639,"column":57}},"type":"binary-expr","locations":[{"start":{"line":639,"column":16},"end":{"line":639,"column":30}},{"start":{"line":639,"column":34},"end":{"line":639,"column":57}}],"line":639},"65":{"loc":{"start":{"line":653,"column":8},"end":{"line":653,"column":53}},"type":"if","locations":[{"start":{"line":653,"column":8},"end":{"line":653,"column":53}},{"start":{},"end":{}}],"line":653},"66":{"loc":{"start":{"line":653,"column":12},"end":{"line":653,"column":45}},"type":"binary-expr","locations":[{"start":{"line":653,"column":12},"end":{"line":653,"column":22}},{"start":{"line":653,"column":26},"end":{"line":653,"column":45}}],"line":653},"67":{"loc":{"start":{"line":661,"column":8},"end":{"line":678,"column":9}},"type":"if","locations":[{"start":{"line":661,"column":8},"end":{"line":678,"column":9}},{"start":{},"end":{}}],"line":661},"68":{"loc":{"start":{"line":672,"column":16},"end":{"line":676,"column":17}},"type":"if","locations":[{"start":{"line":672,"column":16},"end":{"line":676,"column":17}},{"start":{"line":674,"column":23},"end":{"line":676,"column":17}}],"line":672}},"s":{"0":0,"1":0,"2":0,"3":0,"4":0,"5":0,"6":0,"7":0,"8":0,"9":0,"10":0,"11":0,"12":0,"13":0,"14":0,"15":0,"16":0,"17":0,"18":0,"19":0,"20":0,"21":0,"22":0,"23":0,"24":0,"25":0,"26":0,"27":0,"28":0,"29":0,"30":0,"31":0,"32":0,"33":0,"34":0,"35":0,"36":0,"37":0,"38":0,"39":0,"40":0,"41":0,"42":0,"43":0,"44":0,"45":0,"46":0,"47":0,"48":0,"49":0,"50":0,"51":0,"52":0,"53":0,"54":0,"55":0,"56":0,"57":0,"58":0,"59":0,"60":0,"61":0,"62":0,"63":0,"64":0,"65":0,"66":0,"67":0,"68":0,"69":0,"70":0,"71":0,"72":0,"73":0,"74":0,"75":0,"76":0,"77":0,"78":0,"79":0,"80":0,"81":0,"82":0,"83":0,"84":0,"85":0,"86":0,"87":0,"88":0,"89":0,"90":0,"91":0,"92":0,"93":0,"94":0,"95":0,"96":0,"97":0,"98":0,"99":0,"100":0,"101":0,"102":0,"103":0,"104":0,"105":0,"106":0,"107":0,"108":0,"109":0,"110":0,"111":0,"112":0,"113":0,"114":0,"115":0,"116":0,"117":0,"118":0,"119":0,"120":0,"121":0,"122":0,"123":0,"124":0,"125":0,"126":0,"127":0,"128":0,"129":0,"130":0,"131":0,"132":0,"133":0,"134":0,"135":0,"136":0,"137":0,"138":0,"139":0,"140":0,"141":0,"142":0,"143":0,"144":0,"145":0,"146":0,"147":0,"148":0,"149":0,"150":0,"151":0,"152":0,"153":0,"154":0,"155":0,"156":0,"157":0,"158":0,"159":0,"160":0,"161":0,"162":0,"163":0,"164":0,"165":0,"166":0,"167":0,"168":0,"169":0,"170":0,"171":0,"172":0,"173":0,"174":0,"175":0,"176":0,"177":0,"178":0,"179":0,"180":0,"181":0,"182":0,"183":0,"184":0,"185":0,"186":0,"187":0,"188":0,"189":0,"190":0,"191":0,"192":0,"193":0,"194":0,"195":0,"196":0,"197":0,"198":0,"199":0,"200":0,"201":0,"202":0,"203":0,"204":0,"205":0,"206":0,"207":0,"208":0,"209":0,"210":0,"211":0,"212":0,"213":0,"214":0,"215":0,"216":0,"217":0,"218":0,"219":0,"220":0,"221":0,"222":0,"223":0,"224":0,"225":0,"226":0,"227":0,"228":0,"229":0,"230":0,"231":0,"232":0,"233":0,"234":0,"235":0,"236":0,"237":0,"238":0,"239":0,"240":0,"241":0,"242":0,"243":0,"244":0,"245":0,"246":0,"247":0,"248":0,"249":0,"250":0,"251":0,"252":0,"253":0,"254":0,"255":0,"256":0,"257":0,"258":0,"259":0,"260":0,"261":0,"262":0,"263":0,"264":0,"265":0,"266":0,"267":0,"268":0,"269":0,"270":0,"271":0,"272":0,"273":0,"274":0,"275":0,"276":0,"277":0,"278":0,"279":0,"280":0,"281":0,"282":0,"283":0,"284":0,"285":0,"286":0,"287":0,"288":0,"289":0,"290":0,"291":0,"292":0,"293":0,"294":0,"295":0,"296":0,"297":0,"298":0,"299":0,"300":2,"301":0},"f":{"0":0,"1":0,"2":0,"3":0,"4":0,"5":0,"6":0,"7":0,"8":0,"9":0,"10":0,"11":0,"12":0,"13":0,"14":0,"15":0,"16":0,"17":0,"18":0,"19":0,"20":0,"21":0,"22":0,"23":0,"24":0,"25":0,"26":0,"27":0,"28":0,"29":0,"30":0,"31":0,"32":0,"33":0,"34":0,"35":0,"36":0,"37":0,"38":0,"39":0,"40":0,"41":0,"42":0,"43":0,"44":0,"45":0,"46":0,"47":0},"b":{"0":[0,0],"1":[0,0],"2":[0,0],"3":[0,0],"4":[0,0],"5":[0,0],"6":[0,0],"7":[0,0],"8":[0,0],"9":[0,0],"10":[0,0,0,0,0,0,0,0,0,0,0],"11":[0,0],"12":[0,0],"13":[0,0],"14":[0,0],"15":[0,0],"16":[0,0],"17":[0,0],"18":[0,0],"19":[0,0],"20":[0,0],"21":[0,0],"22":[0,0],"23":[0,0],"24":[0,0],"25":[0,0],"26":[0,0],"27":[0,0],"28":[0,0],"29":[0,0],"30":[0,0],"31":[0,0],"32":[0,0],"33":[0,0],"34":[0,0],"35":[0,0],"36":[0,0],"37":[0,0],"38":[0,0],"39":[0,0],"40":[0,0],"41":[0,0],"42":[0,0],"43":[0,0],"44":[0,0],"45":[0,0],"46":[0,0],"47":[0,0],"48":[0,0],"49":[0,0],"50":[0,0],"51":[0,0],"52":[0,0],"53":[0],"54":[0,0],"55":[0,0],"56":[0,0],"57":[0,0],"58":[0,0],"59":[0,0],"60":[0],"61":[0,0],"62":[0,0],"63":[0,0],"64":[0,0],"65":[0,0],"66":[0,0],"67":[0,0],"68":[0,0]},"_coverageSchema":"1a1c01bbd47fc00a2c39e90264f33305004495a9","hash":"84928337f136d0dab6ae9d42983844d775d43bf2"}
,"/Users/holocep/vibesafe-app/src/updater.js": {"path":"/Users/holocep/vibesafe-app/src/updater.js","statementMap":{"0":{"start":{"line":4,"column":8},"end":{"line":4,"column":23}},"1":{"start":{"line":5,"column":8},"end":{"line":5,"column":34}},"2":{"start":{"line":6,"column":8},"end":{"line":12,"column":10}},"3":{"start":{"line":13,"column":8},"end":{"line":13,"column":34}},"4":{"start":{"line":18,"column":8},"end":{"line":18,"column":34}},"5":{"start":{"line":21,"column":8},"end":{"line":23,"column":9}},"6":{"start":{"line":22,"column":12},"end":{"line":22,"column":63}},"7":{"start":{"line":22,"column":29},"end":{"line":22,"column":55}},"8":{"start":{"line":26,"column":8},"end":{"line":26,"column":35}},"9":{"start":{"line":29,"column":8},"end":{"line":31,"column":11}},"10":{"start":{"line":30,"column":12},"end":{"line":30,"column":37}},"11":{"start":{"line":35,"column":8},"end":{"line":40,"column":9}},"12":{"start":{"line":36,"column":29},"end":{"line":36,"column":81}},"13":{"start":{"line":37,"column":12},"end":{"line":37,"column":37}},"14":{"start":{"line":39,"column":12},"end":{"line":39,"column":68}},"15":{"start":{"line":44,"column":8},"end":{"line":50,"column":9}},"16":{"start":{"line":45,"column":12},"end":{"line":47,"column":15}},"17":{"start":{"line":49,"column":12},"end":{"line":49,"column":68}},"18":{"start":{"line":54,"column":8},"end":{"line":56,"column":9}},"19":{"start":{"line":55,"column":12},"end":{"line":55,"column":46}},"20":{"start":{"line":58,"column":8},"end":{"line":63,"column":9}},"21":{"start":{"line":60,"column":12},"end":{"line":62,"column":35}},"22":{"start":{"line":61,"column":16},"end":{"line":61,"column":43}},"23":{"start":{"line":67,"column":8},"end":{"line":93,"column":9}},"24":{"start":{"line":68,"column":31},"end":{"line":70,"column":14}},"25":{"start":{"line":72,"column":12},"end":{"line":84,"column":13}},"26":{"start":{"line":73,"column":16},"end":{"line":73,"column":48}},"27":{"start":{"line":75,"column":16},"end":{"line":77,"column":17}},"28":{"start":{"line":76,"column":20},"end":{"line":76,"column":60}},"29":{"start":{"line":79,"column":16},"end":{"line":81,"column":17}},"30":{"start":{"line":80,"column":20},"end":{"line":80,"column":48}},"31":{"start":{"line":82,"column":19},"end":{"line":84,"column":13}},"32":{"start":{"line":83,"column":16},"end":{"line":83,"column":82}},"33":{"start":{"line":86,"column":12},"end":{"line":86,"column":30}},"34":{"start":{"line":88,"column":12},"end":{"line":88,"column":57}},"35":{"start":{"line":89,"column":12},"end":{"line":91,"column":13}},"36":{"start":{"line":90,"column":16},"end":{"line":90,"column":75}},"37":{"start":{"line":92,"column":12},"end":{"line":92,"column":24}},"38":{"start":{"line":97,"column":29},"end":{"line":97,"column":58}},"39":{"start":{"line":98,"column":8},"end":{"line":98,"column":55}},"40":{"start":{"line":99,"column":8},"end":{"line":108,"column":10}},"41":{"start":{"line":110,"column":8},"end":{"line":110,"column":48}},"42":{"start":{"line":113,"column":8},"end":{"line":116,"column":11}},"43":{"start":{"line":114,"column":12},"end":{"line":114,"column":46}},"44":{"start":{"line":115,"column":12},"end":{"line":115,"column":34}},"45":{"start":{"line":118,"column":8},"end":{"line":120,"column":11}},"46":{"start":{"line":119,"column":12},"end":{"line":119,"column":34}},"47":{"start":{"line":123,"column":8},"end":{"line":127,"column":18}},"48":{"start":{"line":124,"column":12},"end":{"line":126,"column":13}},"49":{"start":{"line":125,"column":16},"end":{"line":125,"column":38}},"50":{"start":{"line":131,"column":22},"end":{"line":131,"column":51}},"51":{"start":{"line":132,"column":8},"end":{"line":132,"column":41}},"52":{"start":{"line":133,"column":8},"end":{"line":163,"column":10}},"53":{"start":{"line":165,"column":8},"end":{"line":165,"column":41}},"54":{"start":{"line":168,"column":27},"end":{"line":168,"column":47}},"55":{"start":{"line":168,"column":33},"end":{"line":168,"column":47}},"56":{"start":{"line":170,"column":8},"end":{"line":172,"column":11}},"57":{"start":{"line":171,"column":12},"end":{"line":171,"column":53}},"58":{"start":{"line":174,"column":8},"end":{"line":193,"column":11}},"59":{"start":{"line":175,"column":12},"end":{"line":175,"column":76}},"60":{"start":{"line":176,"column":12},"end":{"line":176,"column":83}},"61":{"start":{"line":178,"column":12},"end":{"line":192,"column":13}},"62":{"start":{"line":179,"column":16},"end":{"line":182,"column":19}},"63":{"start":{"line":180,"column":20},"end":{"line":180,"column":92}},"64":{"start":{"line":181,"column":20},"end":{"line":181,"column":109}},"65":{"start":{"line":184,"column":16},"end":{"line":184,"column":94}},"66":{"start":{"line":185,"column":16},"end":{"line":185,"column":99}},"67":{"start":{"line":186,"column":16},"end":{"line":186,"column":88}},"68":{"start":{"line":187,"column":16},"end":{"line":187,"column":108}},"69":{"start":{"line":187,"column":87},"end":{"line":187,"column":107}},"70":{"start":{"line":190,"column":16},"end":{"line":190,"column":73}},"71":{"start":{"line":191,"column":16},"end":{"line":191,"column":29}},"72":{"start":{"line":197,"column":8},"end":{"line":199,"column":9}},"73":{"start":{"line":198,"column":12},"end":{"line":198,"column":51}},"74":{"start":{"line":201,"column":8},"end":{"line":216,"column":9}},"75":{"start":{"line":202,"column":31},"end":{"line":204,"column":14}},"76":{"start":{"line":206,"column":12},"end":{"line":206,"column":57}},"77":{"start":{"line":208,"column":12},"end":{"line":210,"column":13}},"78":{"start":{"line":209,"column":16},"end":{"line":209,"column":43}},"79":{"start":{"line":212,"column":12},"end":{"line":212,"column":30}},"80":{"start":{"line":214,"column":12},"end":{"line":214,"column":53}},"81":{"start":{"line":215,"column":12},"end":{"line":215,"column":24}},"82":{"start":{"line":220,"column":8},"end":{"line":222,"column":9}},"83":{"start":{"line":221,"column":12},"end":{"line":221,"column":52}},"84":{"start":{"line":224,"column":8},"end":{"line":233,"column":9}},"85":{"start":{"line":225,"column":12},"end":{"line":227,"column":15}},"86":{"start":{"line":231,"column":12},"end":{"line":231,"column":57}},"87":{"start":{"line":232,"column":12},"end":{"line":232,"column":68}},"88":{"start":{"line":237,"column":22},"end":{"line":237,"column":51}},"89":{"start":{"line":238,"column":8},"end":{"line":238,"column":41}},"90":{"start":{"line":239,"column":8},"end":{"line":252,"column":10}},"91":{"start":{"line":254,"column":8},"end":{"line":254,"column":41}},"92":{"start":{"line":256,"column":8},"end":{"line":258,"column":11}},"93":{"start":{"line":257,"column":12},"end":{"line":257,"column":27}},"94":{"start":{"line":260,"column":8},"end":{"line":262,"column":11}},"95":{"start":{"line":261,"column":12},"end":{"line":261,"column":57}},"96":{"start":{"line":266,"column":22},"end":{"line":266,"column":45}},"97":{"start":{"line":267,"column":19},"end":{"line":267,"column":24}},"98":{"start":{"line":268,"column":24},"end":{"line":268,"column":25}},"99":{"start":{"line":270,"column":8},"end":{"line":273,"column":9}},"100":{"start":{"line":271,"column":12},"end":{"line":271,"column":25}},"101":{"start":{"line":272,"column":12},"end":{"line":272,"column":24}},"102":{"start":{"line":275,"column":8},"end":{"line":275,"column":56}},"103":{"start":{"line":280,"column":8},"end":{"line":288,"column":54}},"104":{"start":{"line":293,"column":8},"end":{"line":344,"column":10}},"105":{"start":{"line":348,"column":8},"end":{"line":352,"column":11}},"106":{"start":{"line":349,"column":12},"end":{"line":349,"column":55}},"107":{"start":{"line":350,"column":12},"end":{"line":350,"column":32}},"108":{"start":{"line":351,"column":12},"end":{"line":351,"column":39}},"109":{"start":{"line":354,"column":8},"end":{"line":357,"column":11}},"110":{"start":{"line":355,"column":12},"end":{"line":355,"column":58}},"111":{"start":{"line":356,"column":12},"end":{"line":356,"column":32}},"112":{"start":{"line":359,"column":8},"end":{"line":362,"column":11}},"113":{"start":{"line":360,"column":12},"end":{"line":360,"column":59}},"114":{"start":{"line":361,"column":12},"end":{"line":361,"column":32}},"115":{"start":{"line":364,"column":8},"end":{"line":367,"column":11}},"116":{"start":{"line":365,"column":12},"end":{"line":365,"column":51}},"117":{"start":{"line":366,"column":12},"end":{"line":366,"column":32}},"118":{"start":{"line":369,"column":8},"end":{"line":371,"column":11}},"119":{"start":{"line":370,"column":12},"end":{"line":370,"column":40}},"120":{"start":{"line":376,"column":0},"end":{"line":376,"column":37}}},"fnMap":{"0":{"name":"(anonymous_0)","decl":{"start":{"line":3,"column":4},"end":{"line":3,"column":5}},"loc":{"start":{"line":3,"column":21},"end":{"line":14,"column":5}},"line":3},"1":{"name":"(anonymous_1)","decl":{"start":{"line":16,"column":4},"end":{"line":16,"column":5}},"loc":{"start":{"line":16,"column":17},"end":{"line":32,"column":5}},"line":16},"2":{"name":"(anonymous_2)","decl":{"start":{"line":22,"column":23},"end":{"line":22,"column":24}},"loc":{"start":{"line":22,"column":29},"end":{"line":22,"column":55}},"line":22},"3":{"name":"(anonymous_3)","decl":{"start":{"line":29,"column":65},"end":{"line":29,"column":66}},"loc":{"start":{"line":29,"column":71},"end":{"line":31,"column":9}},"line":29},"4":{"name":"(anonymous_4)","decl":{"start":{"line":34,"column":4},"end":{"line":34,"column":5}},"loc":{"start":{"line":34,"column":25},"end":{"line":41,"column":5}},"line":34},"5":{"name":"(anonymous_5)","decl":{"start":{"line":43,"column":4},"end":{"line":43,"column":5}},"loc":{"start":{"line":43,"column":25},"end":{"line":51,"column":5}},"line":43},"6":{"name":"(anonymous_6)","decl":{"start":{"line":53,"column":4},"end":{"line":53,"column":5}},"loc":{"start":{"line":53,"column":26},"end":{"line":64,"column":5}},"line":53},"7":{"name":"(anonymous_7)","decl":{"start":{"line":60,"column":45},"end":{"line":60,"column":46}},"loc":{"start":{"line":60,"column":51},"end":{"line":62,"column":13}},"line":60},"8":{"name":"(anonymous_8)","decl":{"start":{"line":66,"column":4},"end":{"line":66,"column":5}},"loc":{"start":{"line":66,"column":42},"end":{"line":94,"column":5}},"line":66},"9":{"name":"(anonymous_9)","decl":{"start":{"line":96,"column":4},"end":{"line":96,"column":5}},"loc":{"start":{"line":96,"column":39},"end":{"line":128,"column":5}},"line":96},"10":{"name":"(anonymous_10)","decl":{"start":{"line":113,"column":92},"end":{"line":113,"column":93}},"loc":{"start":{"line":113,"column":98},"end":{"line":116,"column":9}},"line":113},"11":{"name":"(anonymous_11)","decl":{"start":{"line":118,"column":95},"end":{"line":118,"column":96}},"loc":{"start":{"line":118,"column":101},"end":{"line":120,"column":9}},"line":118},"12":{"name":"(anonymous_12)","decl":{"start":{"line":123,"column":19},"end":{"line":123,"column":20}},"loc":{"start":{"line":123,"column":25},"end":{"line":127,"column":9}},"line":123},"13":{"name":"(anonymous_13)","decl":{"start":{"line":130,"column":4},"end":{"line":130,"column":5}},"loc":{"start":{"line":130,"column":33},"end":{"line":194,"column":5}},"line":130},"14":{"name":"(anonymous_14)","decl":{"start":{"line":168,"column":27},"end":{"line":168,"column":28}},"loc":{"start":{"line":168,"column":33},"end":{"line":168,"column":47}},"line":168},"15":{"name":"(anonymous_15)","decl":{"start":{"line":170,"column":70},"end":{"line":170,"column":71}},"loc":{"start":{"line":170,"column":76},"end":{"line":172,"column":9}},"line":170},"16":{"name":"(anonymous_16)","decl":{"start":{"line":174,"column":89},"end":{"line":174,"column":90}},"loc":{"start":{"line":174,"column":101},"end":{"line":193,"column":9}},"line":174},"17":{"name":"(anonymous_17)","decl":{"start":{"line":179,"column":42},"end":{"line":179,"column":43}},"loc":{"start":{"line":179,"column":56},"end":{"line":182,"column":17}},"line":179},"18":{"name":"(anonymous_18)","decl":{"start":{"line":187,"column":81},"end":{"line":187,"column":82}},"loc":{"start":{"line":187,"column":87},"end":{"line":187,"column":107}},"line":187},"19":{"name":"(anonymous_19)","decl":{"start":{"line":196,"column":4},"end":{"line":196,"column":5}},"loc":{"start":{"line":196,"column":43},"end":{"line":217,"column":5}},"line":196},"20":{"name":"(anonymous_20)","decl":{"start":{"line":219,"column":4},"end":{"line":219,"column":5}},"loc":{"start":{"line":219,"column":26},"end":{"line":234,"column":5}},"line":219},"21":{"name":"(anonymous_21)","decl":{"start":{"line":236,"column":4},"end":{"line":236,"column":5}},"loc":{"start":{"line":236,"column":24},"end":{"line":263,"column":5}},"line":236},"22":{"name":"(anonymous_22)","decl":{"start":{"line":256,"column":87},"end":{"line":256,"column":88}},"loc":{"start":{"line":256,"column":93},"end":{"line":258,"column":9}},"line":256},"23":{"name":"(anonymous_23)","decl":{"start":{"line":260,"column":85},"end":{"line":260,"column":86}},"loc":{"start":{"line":260,"column":97},"end":{"line":262,"column":9}},"line":260},"24":{"name":"(anonymous_24)","decl":{"start":{"line":265,"column":4},"end":{"line":265,"column":5}},"loc":{"start":{"line":265,"column":23},"end":{"line":276,"column":5}},"line":265},"25":{"name":"(anonymous_25)","decl":{"start":{"line":278,"column":4},"end":{"line":278,"column":5}},"loc":{"start":{"line":278,"column":30},"end":{"line":289,"column":5}},"line":278},"26":{"name":"(anonymous_26)","decl":{"start":{"line":292,"column":4},"end":{"line":292,"column":5}},"loc":{"start":{"line":292,"column":23},"end":{"line":345,"column":5}},"line":292},"27":{"name":"(anonymous_27)","decl":{"start":{"line":347,"column":4},"end":{"line":347,"column":5}},"loc":{"start":{"line":347,"column":39},"end":{"line":372,"column":5}},"line":347},"28":{"name":"(anonymous_28)","decl":{"start":{"line":348,"column":74},"end":{"line":348,"column":75}},"loc":{"start":{"line":348,"column":81},"end":{"line":352,"column":9}},"line":348},"29":{"name":"(anonymous_29)","decl":{"start":{"line":354,"column":77},"end":{"line":354,"column":78}},"loc":{"start":{"line":354,"column":84},"end":{"line":357,"column":9}},"line":354},"30":{"name":"(anonymous_30)","decl":{"start":{"line":359,"column":77},"end":{"line":359,"column":78}},"loc":{"start":{"line":359,"column":84},"end":{"line":362,"column":9}},"line":359},"31":{"name":"(anonymous_31)","decl":{"start":{"line":364,"column":78},"end":{"line":364,"column":79}},"loc":{"start":{"line":364,"column":85},"end":{"line":367,"column":9}},"line":364},"32":{"name":"(anonymous_32)","decl":{"start":{"line":369,"column":91},"end":{"line":369,"column":92}},"loc":{"start":{"line":369,"column":97},"end":{"line":371,"column":9}},"line":369}},"branchMap":{"0":{"loc":{"start":{"line":21,"column":8},"end":{"line":23,"column":9}},"type":"if","locations":[{"start":{"line":21,"column":8},"end":{"line":23,"column":9}},{"start":{},"end":{}}],"line":21},"1":{"loc":{"start":{"line":54,"column":8},"end":{"line":56,"column":9}},"type":"if","locations":[{"start":{"line":54,"column":8},"end":{"line":56,"column":9}},{"start":{},"end":{}}],"line":54},"2":{"loc":{"start":{"line":58,"column":8},"end":{"line":63,"column":9}},"type":"if","locations":[{"start":{"line":58,"column":8},"end":{"line":63,"column":9}},{"start":{},"end":{}}],"line":58},"3":{"loc":{"start":{"line":66,"column":26},"end":{"line":66,"column":40}},"type":"default-arg","locations":[{"start":{"line":66,"column":35},"end":{"line":66,"column":40}}],"line":66},"4":{"loc":{"start":{"line":72,"column":12},"end":{"line":84,"column":13}},"type":"if","locations":[{"start":{"line":72,"column":12},"end":{"line":84,"column":13}},{"start":{"line":82,"column":19},"end":{"line":84,"column":13}}],"line":72},"5":{"loc":{"start":{"line":75,"column":16},"end":{"line":77,"column":17}},"type":"if","locations":[{"start":{"line":75,"column":16},"end":{"line":77,"column":17}},{"start":{},"end":{}}],"line":75},"6":{"loc":{"start":{"line":75,"column":20},"end":{"line":75,"column":58}},"type":"binary-expr","locations":[{"start":{"line":75,"column":20},"end":{"line":75,"column":47}},{"start":{"line":75,"column":51},"end":{"line":75,"column":58}}],"line":75},"7":{"loc":{"start":{"line":79,"column":16},"end":{"line":81,"column":17}},"type":"if","locations":[{"start":{"line":79,"column":16},"end":{"line":81,"column":17}},{"start":{},"end":{}}],"line":79},"8":{"loc":{"start":{"line":82,"column":19},"end":{"line":84,"column":13}},"type":"if","locations":[{"start":{"line":82,"column":19},"end":{"line":84,"column":13}},{"start":{},"end":{}}],"line":82},"9":{"loc":{"start":{"line":89,"column":12},"end":{"line":91,"column":13}},"type":"if","locations":[{"start":{"line":89,"column":12},"end":{"line":91,"column":13}},{"start":{},"end":{}}],"line":89},"10":{"loc":{"start":{"line":124,"column":12},"end":{"line":126,"column":13}},"type":"if","locations":[{"start":{"line":124,"column":12},"end":{"line":126,"column":13}},{"start":{},"end":{}}],"line":124},"11":{"loc":{"start":{"line":197,"column":8},"end":{"line":199,"column":9}},"type":"if","locations":[{"start":{"line":197,"column":8},"end":{"line":199,"column":9}},{"start":{},"end":{}}],"line":197},"12":{"loc":{"start":{"line":208,"column":12},"end":{"line":210,"column":13}},"type":"if","locations":[{"start":{"line":208,"column":12},"end":{"line":210,"column":13}},{"start":{},"end":{}}],"line":208},"13":{"loc":{"start":{"line":220,"column":8},"end":{"line":222,"column":9}},"type":"if","locations":[{"start":{"line":220,"column":8},"end":{"line":222,"column":9}},{"start":{},"end":{}}],"line":220},"14":{"loc":{"start":{"line":220,"column":12},"end":{"line":220,"column":67}},"type":"binary-expr","locations":[{"start":{"line":220,"column":12},"end":{"line":220,"column":31}},{"start":{"line":220,"column":35},"end":{"line":220,"column":67}}],"line":220},"15":{"loc":{"start":{"line":270,"column":15},"end":{"line":270,"column":59}},"type":"binary-expr","locations":[{"start":{"line":270,"column":15},"end":{"line":270,"column":27}},{"start":{"line":270,"column":31},"end":{"line":270,"column":59}}],"line":270},"16":{"loc":{"start":{"line":299,"column":65},"end":{"line":299,"column":105}},"type":"cond-expr","locations":[{"start":{"line":299,"column":91},"end":{"line":299,"column":100}},{"start":{"line":299,"column":103},"end":{"line":299,"column":105}}],"line":299},"17":{"loc":{"start":{"line":310,"column":68},"end":{"line":310,"column":111}},"type":"cond-expr","locations":[{"start":{"line":310,"column":97},"end":{"line":310,"column":106}},{"start":{"line":310,"column":109},"end":{"line":310,"column":111}}],"line":310},"18":{"loc":{"start":{"line":321,"column":68},"end":{"line":321,"column":112}},"type":"cond-expr","locations":[{"start":{"line":321,"column":98},"end":{"line":321,"column":107}},{"start":{"line":321,"column":110},"end":{"line":321,"column":112}}],"line":321},"19":{"loc":{"start":{"line":334,"column":53},"end":{"line":334,"column":105}},"type":"cond-expr","locations":[{"start":{"line":334,"column":90},"end":{"line":334,"column":100}},{"start":{"line":334,"column":103},"end":{"line":334,"column":105}}],"line":334},"20":{"loc":{"start":{"line":335,"column":51},"end":{"line":335,"column":101}},"type":"cond-expr","locations":[{"start":{"line":335,"column":86},"end":{"line":335,"column":96}},{"start":{"line":335,"column":99},"end":{"line":335,"column":101}}],"line":335}},"s":{"0":0,"1":0,"2":0,"3":0,"4":0,"5":0,"6":0,"7":0,"8":0,"9":0,"10":0,"11":0,"12":0,"13":0,"14":0,"15":0,"16":0,"17":0,"18":0,"19":0,"20":0,"21":0,"22":0,"23":0,"24":0,"25":0,"26":0,"27":0,"28":0,"29":0,"30":0,"31":0,"32":0,"33":0,"34":0,"35":0,"36":0,"37":0,"38":0,"39":0,"40":0,"41":0,"42":0,"43":0,"44":0,"45":0,"46":0,"47":0,"48":0,"49":0,"50":0,"51":0,"52":0,"53":0,"54":0,"55":0,"56":0,"57":0,"58":0,"59":0,"60":0,"61":0,"62":0,"63":0,"64":0,"65":0,"66":0,"67":0,"68":0,"69":0,"70":0,"71":0,"72":0,"73":0,"74":0,"75":0,"76":0,"77":0,"78":0,"79":0,"80":0,"81":0,"82":0,"83":0,"84":0,"85":0,"86":0,"87":0,"88":0,"89":0,"90":0,"91":0,"92":0,"93":0,"94":0,"95":0,"96":0,"97":0,"98":0,"99":0,"100":0,"101":0,"102":0,"103":0,"104":0,"105":0,"106":0,"107":0,"108":0,"109":0,"110":0,"111":0,"112":0,"113":0,"114":0,"115":0,"116":0,"117":0,"118":0,"119":0,"120":0},"f":{"0":0,"1":0,"2":0,"3":0,"4":0,"5":0,"6":0,"7":0,"8":0,"9":0,"10":0,"11":0,"12":0,"13":0,"14":0,"15":0,"16":0,"17":0,"18":0,"19":0,"20":0,"21":0,"22":0,"23":0,"24":0,"25":0,"26":0,"27":0,"28":0,"29":0,"30":0,"31":0,"32":0},"b":{"0":[0,0],"1":[0,0],"2":[0,0],"3":[0],"4":[0,0],"5":[0,0],"6":[0,0],"7":[0,0],"8":[0,0],"9":[0,0],"10":[0,0],"11":[0,0],"12":[0,0],"13":[0,0],"14":[0,0],"15":[0,0],"16":[0,0],"17":[0,0],"18":[0,0],"19":[0,0],"20":[0,0]}}
}
