TN:
SF:src/main.js
FN:6,(anonymous_0)
FN:27,(anonymous_1)
FN:34,(anonymous_2)
FN:61,(anonymous_3)
FN:63,(anonymous_4)
FN:94,(anonymous_5)
FN:112,(anonymous_6)
FN:121,(anonymous_7)
FN:130,(anonymous_8)
FN:187,(anonymous_9)
FN:193,(anonymous_10)
FN:199,(anonymous_11)
FN:209,(anonymous_12)
FN:211,(anonymous_13)
FN:218,(anonymous_14)
FN:242,(anonymous_15)
FN:264,(anonymous_16)
FN:280,(anonymous_17)
FN:284,(anonymous_18)
FN:289,(anonymous_19)
FN:311,(anonymous_20)
FN:329,(anonymous_21)
FN:341,(anonymous_22)
FN:353,(anonymous_23)
FN:376,(anonymous_24)
FN:388,(anonymous_25)
FN:398,(anonymous_26)
FN:420,(anonymous_27)
FN:455,(anonymous_28)
FN:488,(anonymous_29)
FN:495,(anonymous_30)
FN:504,(anonymous_31)
FN:520,(anonymous_32)
FN:532,(anonymous_33)
FN:553,(anonymous_34)
FN:587,(anonymous_35)
FN:595,(anonymous_36)
FN:602,(anonymous_37)
FN:614,(anonymous_38)
FN:619,(anonymous_39)
FN:621,(anonymous_40)
FN:631,(anonymous_41)
FN:635,(anonymous_42)
FN:651,(anonymous_43)
FN:659,(anonymous_44)
FN:666,(anonymous_45)
FN:683,(anonymous_46)
FN:692,(anonymous_47)
FNF:48
FNH:0
FNDA:0,(anonymous_0)
FNDA:0,(anonymous_1)
FNDA:0,(anonymous_2)
FNDA:0,(anonymous_3)
FNDA:0,(anonymous_4)
FNDA:0,(anonymous_5)
FNDA:0,(anonymous_6)
FNDA:0,(anonymous_7)
FNDA:0,(anonymous_8)
FNDA:0,(anonymous_9)
FNDA:0,(anonymous_10)
FNDA:0,(anonymous_11)
FNDA:0,(anonymous_12)
FNDA:0,(anonymous_13)
FNDA:0,(anonymous_14)
FNDA:0,(anonymous_15)
FNDA:0,(anonymous_16)
FNDA:0,(anonymous_17)
FNDA:0,(anonymous_18)
FNDA:0,(anonymous_19)
FNDA:0,(anonymous_20)
FNDA:0,(anonymous_21)
FNDA:0,(anonymous_22)
FNDA:0,(anonymous_23)
FNDA:0,(anonymous_24)
FNDA:0,(anonymous_25)
FNDA:0,(anonymous_26)
FNDA:0,(anonymous_27)
FNDA:0,(anonymous_28)
FNDA:0,(anonymous_29)
FNDA:0,(anonymous_30)
FNDA:0,(anonymous_31)
FNDA:0,(anonymous_32)
FNDA:0,(anonymous_33)
FNDA:0,(anonymous_34)
FNDA:0,(anonymous_35)
FNDA:0,(anonymous_36)
FNDA:0,(anonymous_37)
FNDA:0,(anonymous_38)
FNDA:0,(anonymous_39)
FNDA:0,(anonymous_40)
FNDA:0,(anonymous_41)
FNDA:0,(anonymous_42)
FNDA:0,(anonymous_43)
FNDA:0,(anonymous_44)
FNDA:0,(anonymous_45)
FNDA:0,(anonymous_46)
FNDA:0,(anonymous_47)
DA:7,0
DA:15,0
DA:16,0
DA:17,0
DA:18,0
DA:19,0
DA:20,0
DA:22,0
DA:28,0
DA:29,0
DA:30,0
DA:31,0
DA:35,0
DA:63,0
DA:64,0
DA:68,0
DA:71,0
DA:72,0
DA:73,0
DA:76,0
DA:77,0
DA:78,0
DA:82,0
DA:83,0
DA:86,0
DA:87,0
DA:91,0
DA:95,0
DA:96,0
DA:98,0
DA:101,0
DA:102,0
DA:103,0
DA:106,0
DA:113,0
DA:114,0
DA:115,0
DA:122,0
DA:123,0
DA:125,0
DA:126,0
DA:131,0
DA:132,0
DA:134,0
DA:137,0
DA:139,0
DA:140,0
DA:142,0
DA:143,0
DA:145,0
DA:146,0
DA:148,0
DA:149,0
DA:151,0
DA:152,0
DA:154,0
DA:155,0
DA:157,0
DA:158,0
DA:160,0
DA:161,0
DA:163,0
DA:164,0
DA:166,0
DA:167,0
DA:169,0
DA:170,0
DA:173,0
DA:174,0
DA:175,0
DA:176,0
DA:177,0
DA:178,0
DA:182,0
DA:183,0
DA:188,0
DA:189,0
DA:194,0
DA:195,0
DA:196,0
DA:200,0
DA:201,0
DA:202,0
DA:211,0
DA:212,0
DA:213,0
DA:214,0
DA:218,0
DA:219,0
DA:220,0
DA:224,0
DA:227,0
DA:228,0
DA:229,0
DA:231,0
DA:235,0
DA:236,0
DA:243,0
DA:245,0
DA:246,0
DA:248,0
DA:250,0
DA:251,0
DA:252,0
DA:253,0
DA:255,0
DA:258,0
DA:260,0
DA:265,0
DA:266,0
DA:268,0
DA:269,0
DA:270,0
DA:271,0
DA:273,0
DA:276,0
DA:281,0
DA:285,0
DA:286,0
DA:290,0
DA:292,0
DA:293,0
DA:295,0
DA:297,0
DA:298,0
DA:299,0
DA:300,0
DA:302,0
DA:305,0
DA:307,0
DA:312,0
DA:313,0
DA:315,0
DA:317,0
DA:318,0
DA:319,0
DA:320,0
DA:322,0
DA:325,0
DA:331,0
DA:332,0
DA:336,0
DA:337,0
DA:341,0
DA:342,0
DA:344,0
DA:345,0
DA:347,0
DA:349,0
DA:354,0
DA:358,0
DA:360,0
DA:361,0
DA:363,0
DA:364,0
DA:365,0
DA:367,0
DA:370,0
DA:377,0
DA:379,0
DA:380,0
DA:383,0
DA:384,0
DA:389,0
DA:391,0
DA:392,0
DA:395,0
DA:399,0
DA:400,0
DA:401,0
DA:404,0
DA:405,0
DA:406,0
DA:409,0
DA:410,0
DA:411,0
DA:414,0
DA:415,0
DA:416,0
DA:421,0
DA:423,0
DA:424,0
DA:426,0
DA:427,0
DA:428,0
DA:431,0
DA:433,0
DA:434,0
DA:435,0
DA:437,0
DA:439,0
DA:440,0
DA:441,0
DA:442,0
DA:444,0
DA:447,0
DA:449,0
DA:456,0
DA:459,0
DA:460,0
DA:462,0
DA:463,0
DA:464,0
DA:465,0
DA:466,0
DA:467,0
DA:469,0
DA:474,0
DA:475,0
DA:477,0
DA:478,0
DA:479,0
DA:481,0
DA:485,0
DA:489,0
DA:490,0
DA:491,0
DA:492,0
DA:496,0
DA:497,0
DA:498,0
DA:499,0
DA:505,0
DA:506,0
DA:509,0
DA:510,0
DA:513,0
DA:514,0
DA:517,0
DA:522,0
DA:523,0
DA:527,0
DA:528,0
DA:533,0
DA:535,0
DA:537,0
DA:538,0
DA:539,0
DA:540,0
DA:547,0
DA:548,0
DA:551,0
DA:553,0
DA:554,0
DA:555,0
DA:556,0
DA:567,0
DA:570,0
DA:571,0
DA:572,0
DA:573,0
DA:581,0
DA:588,0
DA:589,0
DA:596,0
DA:597,0
DA:603,0
DA:605,0
DA:606,0
DA:607,0
DA:611,0
DA:614,0
DA:615,0
DA:619,0
DA:620,0
DA:621,0
DA:622,0
DA:623,0
DA:632,0
DA:636,0
DA:637,0
DA:639,0
DA:640,0
DA:642,0
DA:645,0
DA:652,0
DA:653,0
DA:655,0
DA:656,0
DA:660,0
DA:661,0
DA:663,0
DA:666,0
DA:667,0
DA:670,0
DA:672,0
DA:673,0
DA:675,0
DA:684,0
DA:685,0
DA:686,0
DA:692,2
DA:693,0
LF:293
LH:1
BRDA:71,0,0,0
BRDA:71,0,1,0
BRDA:76,1,0,0
BRDA:76,1,1,0
BRDA:82,2,0,0
BRDA:82,2,1,0
BRDA:86,3,0,0
BRDA:86,3,1,0
BRDA:102,4,0,0
BRDA:102,4,1,0
BRDA:113,5,0,0
BRDA:113,5,1,0
BRDA:125,6,0,0
BRDA:125,6,1,0
BRDA:125,7,0,0
BRDA:125,7,1,0
BRDA:132,8,0,0
BRDA:132,8,1,0
BRDA:137,9,0,0
BRDA:137,9,1,0
BRDA:140,10,0,0
BRDA:140,10,1,0
BRDA:140,10,2,0
BRDA:140,10,3,0
BRDA:140,10,4,0
BRDA:140,10,5,0
BRDA:140,10,6,0
BRDA:140,10,7,0
BRDA:140,10,8,0
BRDA:140,10,9,0
BRDA:140,10,10,0
BRDA:173,11,0,0
BRDA:173,11,1,0
BRDA:176,12,0,0
BRDA:176,12,1,0
BRDA:188,13,0,0
BRDA:188,13,1,0
BRDA:200,14,0,0
BRDA:200,14,1,0
BRDA:201,15,0,0
BRDA:201,15,1,0
BRDA:201,16,0,0
BRDA:201,16,1,0
BRDA:227,17,0,0
BRDA:227,17,1,0
BRDA:228,18,0,0
BRDA:228,18,1,0
BRDA:235,19,0,0
BRDA:235,19,1,0
BRDA:250,20,0,0
BRDA:250,20,1,0
BRDA:268,21,0,0
BRDA:268,21,1,0
BRDA:297,22,0,0
BRDA:297,22,1,0
BRDA:317,23,0,0
BRDA:317,23,1,0
BRDA:331,24,0,0
BRDA:331,24,1,0
BRDA:336,25,0,0
BRDA:336,25,1,0
BRDA:358,26,0,0
BRDA:358,26,1,0
BRDA:363,27,0,0
BRDA:363,27,1,0
BRDA:377,28,0,0
BRDA:377,28,1,0
BRDA:383,29,0,0
BRDA:383,29,1,0
BRDA:389,30,0,0
BRDA:389,30,1,0
BRDA:399,31,0,0
BRDA:399,31,1,0
BRDA:404,32,0,0
BRDA:404,32,1,0
BRDA:409,33,0,0
BRDA:409,33,1,0
BRDA:414,34,0,0
BRDA:414,34,1,0
BRDA:421,35,0,0
BRDA:421,35,1,0
BRDA:426,36,0,0
BRDA:426,36,1,0
BRDA:426,37,0,0
BRDA:426,37,1,0
BRDA:439,38,0,0
BRDA:439,38,1,0
BRDA:459,39,0,0
BRDA:459,39,1,0
BRDA:459,40,0,0
BRDA:459,40,1,0
BRDA:462,41,0,0
BRDA:462,41,1,0
BRDA:465,42,0,0
BRDA:465,42,1,0
BRDA:474,43,0,0
BRDA:474,43,1,0
BRDA:474,44,0,0
BRDA:474,44,1,0
BRDA:477,45,0,0
BRDA:477,45,1,0
BRDA:505,46,0,0
BRDA:505,46,1,0
BRDA:506,47,0,0
BRDA:506,47,1,0
BRDA:509,48,0,0
BRDA:509,48,1,0
BRDA:510,49,0,0
BRDA:510,49,1,0
BRDA:513,50,0,0
BRDA:513,50,1,0
BRDA:522,51,0,0
BRDA:522,51,1,0
BRDA:527,52,0,0
BRDA:527,52,1,0
BRDA:532,53,0,0
BRDA:533,54,0,0
BRDA:533,54,1,0
BRDA:537,55,0,0
BRDA:537,55,1,0
BRDA:537,56,0,0
BRDA:537,56,1,0
BRDA:551,57,0,0
BRDA:551,57,1,0
BRDA:570,58,0,0
BRDA:570,58,1,0
BRDA:570,59,0,0
BRDA:570,59,1,0
BRDA:602,60,0,0
BRDA:603,61,0,0
BRDA:603,61,1,0
BRDA:622,62,0,0
BRDA:622,62,1,0
BRDA:639,63,0,0
BRDA:639,63,1,0
BRDA:639,64,0,0
BRDA:639,64,1,0
BRDA:653,65,0,0
BRDA:653,65,1,0
BRDA:653,66,0,0
BRDA:653,66,1,0
BRDA:661,67,0,0
BRDA:661,67,1,0
BRDA:672,68,0,0
BRDA:672,68,1,0
BRF:145
BRH:0
end_of_record
TN:
SF:src/updater.js
FN:3,(anonymous_0)
FN:16,(anonymous_1)
FN:22,(anonymous_2)
FN:29,(anonymous_3)
FN:34,(anonymous_4)
FN:43,(anonymous_5)
FN:53,(anonymous_6)
FN:60,(anonymous_7)
FN:66,(anonymous_8)
FN:96,(anonymous_9)
FN:113,(anonymous_10)
FN:118,(anonymous_11)
FN:123,(anonymous_12)
FN:130,(anonymous_13)
FN:168,(anonymous_14)
FN:170,(anonymous_15)
FN:174,(anonymous_16)
FN:179,(anonymous_17)
FN:187,(anonymous_18)
FN:196,(anonymous_19)
FN:219,(anonymous_20)
FN:236,(anonymous_21)
FN:256,(anonymous_22)
FN:260,(anonymous_23)
FN:265,(anonymous_24)
FN:278,(anonymous_25)
FN:292,(anonymous_26)
FN:347,(anonymous_27)
FN:348,(anonymous_28)
FN:354,(anonymous_29)
FN:359,(anonymous_30)
FN:364,(anonymous_31)
FN:369,(anonymous_32)
FNF:33
FNH:0
FNDA:0,(anonymous_0)
FNDA:0,(anonymous_1)
FNDA:0,(anonymous_2)
FNDA:0,(anonymous_3)
FNDA:0,(anonymous_4)
FNDA:0,(anonymous_5)
FNDA:0,(anonymous_6)
FNDA:0,(anonymous_7)
FNDA:0,(anonymous_8)
FNDA:0,(anonymous_9)
FNDA:0,(anonymous_10)
FNDA:0,(anonymous_11)
FNDA:0,(anonymous_12)
FNDA:0,(anonymous_13)
FNDA:0,(anonymous_14)
FNDA:0,(anonymous_15)
FNDA:0,(anonymous_16)
FNDA:0,(anonymous_17)
FNDA:0,(anonymous_18)
FNDA:0,(anonymous_19)
FNDA:0,(anonymous_20)
FNDA:0,(anonymous_21)
FNDA:0,(anonymous_22)
FNDA:0,(anonymous_23)
FNDA:0,(anonymous_24)
FNDA:0,(anonymous_25)
FNDA:0,(anonymous_26)
FNDA:0,(anonymous_27)
FNDA:0,(anonymous_28)
FNDA:0,(anonymous_29)
FNDA:0,(anonymous_30)
FNDA:0,(anonymous_31)
FNDA:0,(anonymous_32)
DA:4,0
DA:5,0
DA:6,0
DA:13,0
DA:18,0
DA:21,0
DA:22,0
DA:26,0
DA:29,0
DA:30,0
DA:35,0
DA:36,0
DA:37,0
DA:39,0
DA:44,0
DA:45,0
DA:49,0
DA:54,0
DA:55,0
DA:58,0
DA:60,0
DA:61,0
DA:67,0
DA:68,0
DA:72,0
DA:73,0
DA:75,0
DA:76,0
DA:79,0
DA:80,0
DA:82,0
DA:83,0
DA:86,0
DA:88,0
DA:89,0
DA:90,0
DA:92,0
DA:97,0
DA:98,0
DA:99,0
DA:110,0
DA:113,0
DA:114,0
DA:115,0
DA:118,0
DA:119,0
DA:123,0
DA:124,0
DA:125,0
DA:131,0
DA:132,0
DA:133,0
DA:165,0
DA:168,0
DA:170,0
DA:171,0
DA:174,0
DA:175,0
DA:176,0
DA:178,0
DA:179,0
DA:180,0
DA:181,0
DA:184,0
DA:185,0
DA:186,0
DA:187,0
DA:190,0
DA:191,0
DA:197,0
DA:198,0
DA:201,0
DA:202,0
DA:206,0
DA:208,0
DA:209,0
DA:212,0
DA:214,0
DA:215,0
DA:220,0
DA:221,0
DA:224,0
DA:225,0
DA:231,0
DA:232,0
DA:237,0
DA:238,0
DA:239,0
DA:254,0
DA:256,0
DA:257,0
DA:260,0
DA:261,0
DA:266,0
DA:267,0
DA:268,0
DA:270,0
DA:271,0
DA:272,0
DA:275,0
DA:280,0
DA:293,0
DA:348,0
DA:349,0
DA:350,0
DA:351,0
DA:354,0
DA:355,0
DA:356,0
DA:359,0
DA:360,0
DA:361,0
DA:364,0
DA:365,0
DA:366,0
DA:369,0
DA:370,0
DA:376,0
LF:118
LH:0
BRDA:21,0,0,0
BRDA:21,0,1,0
BRDA:54,1,0,0
BRDA:54,1,1,0
BRDA:58,2,0,0
BRDA:58,2,1,0
BRDA:66,3,0,0
BRDA:72,4,0,0
BRDA:72,4,1,0
BRDA:75,5,0,0
BRDA:75,5,1,0
BRDA:75,6,0,0
BRDA:75,6,1,0
BRDA:79,7,0,0
BRDA:79,7,1,0
BRDA:82,8,0,0
BRDA:82,8,1,0
BRDA:89,9,0,0
BRDA:89,9,1,0
BRDA:124,10,0,0
BRDA:124,10,1,0
BRDA:197,11,0,0
BRDA:197,11,1,0
BRDA:208,12,0,0
BRDA:208,12,1,0
BRDA:220,13,0,0
BRDA:220,13,1,0
BRDA:220,14,0,0
BRDA:220,14,1,0
BRDA:270,15,0,0
BRDA:270,15,1,0
BRDA:299,16,0,0
BRDA:299,16,1,0
BRDA:310,17,0,0
BRDA:310,17,1,0
BRDA:321,18,0,0
BRDA:321,18,1,0
BRDA:334,19,0,0
BRDA:334,19,1,0
BRDA:335,20,0,0
BRDA:335,20,1,0
BRF:41
BRH:0
end_of_record
